{"src/contracts/sFOX.sol":{"l":{"30":0,"31":0,"33":0,"47":0,"61":0,"62":0,"64":0,"81":0,"82":0,"85":0,"86":0,"88":0,"104":5,"120":5,"121":5,"124":5,"140":0,"156":0,"157":0,"162":0,"163":0,"164":0,"165":0,"166":0,"167":0,"170":0,"178":0,"185":0,"189":0,"199":0,"203":0,"207":0,"234":0,"236":0,"237":0,"257":0,"260":0,"261":0,"283":0,"293":0,"308":0,"322":0,"323":0,"326":0,"327":0,"331":0,"334":0,"335":0,"336":0,"339":0,"343":0,"348":0,"360":0,"370":0,"373":0,"374":0,"384":0,"394":0,"397":0,"398":0,"402":0,"403":0,"406":0,"410":0,"415":0,"530":3,"531":3,"532":3,"540":3,"549":0,"567":0,"575":1,"583":0,"597":0,"598":0,"606":0,"618":0,"619":0,"637":0,"638":0,"639":0,"655":0,"656":0,"674":0,"675":0,"693":0,"694":0,"696":0,"698":0,"699":0,"700":0,"714":0,"715":0,"716":0,"717":0,"718":0,"734":0,"736":0,"738":0,"739":0,"740":0,"758":0,"759":0,"761":0,"762":0,"806":0,"811":0,"815":0,"874":3,"875":3,"879":3,"901":0,"903":0,"906":0,"908":0,"909":0,"911":0,"912":0,"919":0,"942":3,"943":3,"947":0,"951":0,"952":0,"956":0,"957":0,"961":0,"962":0,"963":0,"967":0,"968":0,"969":0,"978":0,"979":0,"1018":3,"1019":3,"1020":3,"1024":13,"1025":13,"1026":13,"1027":13,"1029":13,"1030":12,"1032":12,"1033":12,"1037":0,"1038":0,"1039":0,"1048":0,"1049":0,"1051":0,"1052":0,"1053":0,"1054":0,"1056":0,"1058":0,"1061":0,"1063":0,"1064":0,"1067":0,"1069":0,"1071":0,"1082":0,"1084":0,"1094":0,"1095":0,"1097":0,"1101":2,"1105":0,"1109":0,"1114":0,"1118":0,"1122":0,"1123":0,"1124":0,"1125":0,"1126":0,"1130":0,"1134":0,"1135":0,"1137":0,"1138":0,"1139":0,"1140":0,"1142":0,"1146":0,"1147":0,"1148":0,"1153":0,"1154":0,"1158":0,"1159":0,"1160":0,"1164":0,"1165":0,"1166":0,"1168":0,"1170":0,"1171":0},"path":"/Users/pelsasser/shapeshift/sfox/src/contracts/sFOX.sol","s":{"1":0,"2":0,"3":0,"4":0,"5":0,"6":0,"7":0,"8":0,"9":0,"10":0,"11":0,"12":0,"13":5,"14":5,"15":5,"16":5,"17":0,"18":0,"19":0,"20":0,"21":0,"22":0,"23":0,"24":0,"25":0,"26":0,"27":0,"28":0,"29":0,"30":0,"31":0,"32":0,"33":0,"34":0,"35":0,"36":0,"37":0,"38":0,"39":0,"40":0,"41":0,"42":0,"43":0,"44":0,"45":0,"46":0,"47":0,"48":0,"49":0,"50":0,"51":0,"52":0,"53":0,"54":0,"55":0,"56":0,"57":0,"58":0,"59":0,"60":0,"61":0,"62":0,"63":0,"64":3,"65":3,"66":3,"67":3,"68":0,"69":0,"70":1,"71":0,"72":0,"73":0,"74":0,"75":0,"76":0,"77":0,"78":0,"79":0,"80":0,"81":0,"82":0,"83":0,"84":0,"85":0,"86":0,"87":0,"88":0,"89":0,"90":0,"91":0,"92":0,"93":0,"94":0,"95":0,"96":0,"97":0,"98":0,"99":0,"100":0,"101":0,"102":0,"103":0,"104":0,"105":0,"106":0,"107":3,"108":3,"109":0,"110":0,"111":0,"112":0,"113":0,"114":0,"115":0,"116":0,"117":3,"118":3,"119":0,"120":0,"121":0,"122":0,"123":0,"124":0,"125":0,"126":0,"127":0,"128":0,"129":0,"130":3,"131":3,"132":3,"133":13,"134":13,"135":13,"136":13,"137":13,"138":12,"139":12,"140":12,"141":0,"142":0,"143":0,"144":0,"145":0,"146":0,"147":0,"148":0,"149":0,"150":0,"151":0,"152":0,"153":0,"154":0,"155":0,"156":0,"157":0,"158":0,"159":0,"160":0,"161":0,"162":0,"163":0,"164":2,"165":0,"166":0,"167":0,"168":0,"169":0,"170":0,"171":0,"172":0,"173":0,"174":0,"175":0,"176":0,"177":0,"178":0,"179":0,"180":0,"181":0,"182":0,"183":0,"184":0,"185":0,"186":0,"187":0,"188":0,"189":0,"190":0,"191":0,"192":0,"193":0,"194":0,"195":0},"b":{"1":[0,0],"2":[0,0],"3":[0,0],"4":[0,0],"5":[5,0],"6":[0,0],"7":[0,0],"8":[0,0],"9":[0,0],"10":[0,0],"11":[0,0],"12":[0,0],"13":[0,0],"14":[0,0],"15":[0,0],"16":[0,0],"17":[0,0],"18":[0,0],"19":[0,0],"20":[0,0],"21":[0,0],"22":[0,0],"23":[0,0],"24":[0,0],"25":[0,0],"26":[0,0],"27":[0,0],"28":[0,0],"29":[0,0],"30":[0,0],"31":[0,0],"32":[13,0],"33":[13,0],"34":[0,0],"35":[0,0],"36":[0,0],"37":[0,0],"38":[0,0]},"f":{"1":0,"2":0,"3":0,"4":0,"5":5,"6":5,"7":0,"8":0,"9":0,"10":0,"11":0,"12":0,"13":0,"14":0,"15":0,"16":0,"17":0,"18":0,"19":0,"20":0,"21":0,"22":0,"23":0,"24":0,"25":0,"26":0,"27":0,"28":3,"29":3,"30":0,"31":0,"32":1,"33":0,"34":0,"35":0,"36":0,"37":0,"38":0,"39":0,"40":0,"41":0,"42":0,"43":0,"44":0,"45":0,"46":0,"47":0,"48":3,"49":0,"50":0,"51":3,"52":0,"53":0,"54":0,"55":0,"56":0,"57":0,"58":3,"59":13,"60":0,"61":0,"62":0,"63":2,"64":0,"65":0,"66":0,"67":0,"68":0,"69":0,"70":0,"71":0,"72":0,"73":0,"74":0},"fnMap":{"1":{"name":"add","line":29,"loc":{"start":{"line":29,"column":4},"end":{"line":34,"column":4}}},"2":{"name":"sub","line":46,"loc":{"start":{"line":46,"column":4},"end":{"line":48,"column":4}}},"3":{"name":"sub","line":60,"loc":{"start":{"line":60,"column":4},"end":{"line":65,"column":4}}},"4":{"name":"mul","line":77,"loc":{"start":{"line":77,"column":4},"end":{"line":89,"column":4}}},"5":{"name":"div","line":103,"loc":{"start":{"line":103,"column":4},"end":{"line":105,"column":4}}},"6":{"name":"div","line":119,"loc":{"start":{"line":119,"column":4},"end":{"line":125,"column":4}}},"7":{"name":"mod","line":139,"loc":{"start":{"line":139,"column":4},"end":{"line":141,"column":4}}},"8":{"name":"mod","line":155,"loc":{"start":{"line":155,"column":4},"end":{"line":158,"column":4}}},"9":{"name":"sqrrt","line":161,"loc":{"start":{"line":161,"column":4},"end":{"line":172,"column":4}}},"10":{"name":"percentageAmount","line":177,"loc":{"start":{"line":177,"column":4},"end":{"line":179,"column":4}}},"11":{"name":"substractPercentage","line":184,"loc":{"start":{"line":184,"column":4},"end":{"line":186,"column":4}}},"12":{"name":"percentageOfTotal","line":188,"loc":{"start":{"line":188,"column":4},"end":{"line":190,"column":4}}},"13":{"name":"average","line":197,"loc":{"start":{"line":197,"column":4},"end":{"line":200,"column":4}}},"14":{"name":"quadraticPricing","line":202,"loc":{"start":{"line":202,"column":4},"end":{"line":204,"column":4}}},"15":{"name":"bondingCurve","line":206,"loc":{"start":{"line":206,"column":2},"end":{"line":208,"column":2}}},"16":{"name":"isContract","line":229,"loc":{"start":{"line":229,"column":4},"end":{"line":238,"column":4}}},"17":{"name":"sendValue","line":256,"loc":{"start":{"line":256,"column":4},"end":{"line":262,"column":4}}},"18":{"name":"functionCall","line":282,"loc":{"start":{"line":282,"column":4},"end":{"line":284,"column":4}}},"19":{"name":"functionCall","line":292,"loc":{"start":{"line":292,"column":4},"end":{"line":294,"column":4}}},"20":{"name":"functionCallWithValue","line":307,"loc":{"start":{"line":307,"column":4},"end":{"line":309,"column":4}}},"21":{"name":"functionCallWithValue","line":321,"loc":{"start":{"line":321,"column":4},"end":{"line":328,"column":4}}},"22":{"name":"_functionCallWithValue","line":330,"loc":{"start":{"line":330,"column":4},"end":{"line":351,"column":4}}},"23":{"name":"functionStaticCall","line":359,"loc":{"start":{"line":359,"column":4},"end":{"line":361,"column":4}}},"24":{"name":"functionStaticCall","line":369,"loc":{"start":{"line":369,"column":4},"end":{"line":375,"column":4}}},"25":{"name":"functionDelegateCall","line":383,"loc":{"start":{"line":383,"column":4},"end":{"line":385,"column":4}}},"26":{"name":"functionDelegateCall","line":393,"loc":{"start":{"line":393,"column":4},"end":{"line":399,"column":4}}},"27":{"name":"_verifyCallResult","line":401,"loc":{"start":{"line":401,"column":4},"end":{"line":418,"column":4}}},"28":{"name":"constructor","line":529,"loc":{"start":{"line":529,"column":2},"end":{"line":533,"column":2}}},"29":{"name":"name","line":539,"loc":{"start":{"line":539,"column":2},"end":{"line":541,"column":2}}},"30":{"name":"symbol","line":548,"loc":{"start":{"line":548,"column":2},"end":{"line":550,"column":2}}},"31":{"name":"decimals","line":566,"loc":{"start":{"line":566,"column":2},"end":{"line":568,"column":2}}},"32":{"name":"totalSupply","line":574,"loc":{"start":{"line":574,"column":2},"end":{"line":576,"column":2}}},"33":{"name":"balanceOf","line":582,"loc":{"start":{"line":582,"column":2},"end":{"line":584,"column":2}}},"34":{"name":"transfer","line":596,"loc":{"start":{"line":596,"column":2},"end":{"line":599,"column":2}}},"35":{"name":"allowance","line":605,"loc":{"start":{"line":605,"column":4},"end":{"line":607,"column":4}}},"36":{"name":"approve","line":617,"loc":{"start":{"line":617,"column":4},"end":{"line":620,"column":4}}},"37":{"name":"transferFrom","line":636,"loc":{"start":{"line":636,"column":4},"end":{"line":640,"column":4}}},"38":{"name":"increaseAllowance","line":654,"loc":{"start":{"line":654,"column":4},"end":{"line":657,"column":4}}},"39":{"name":"decreaseAllowance","line":673,"loc":{"start":{"line":673,"column":4},"end":{"line":676,"column":4}}},"40":{"name":"_transfer","line":692,"loc":{"start":{"line":692,"column":2},"end":{"line":701,"column":2}}},"41":{"name":"_mint","line":713,"loc":{"start":{"line":713,"column":4},"end":{"line":719,"column":4}}},"42":{"name":"_burn","line":733,"loc":{"start":{"line":733,"column":4},"end":{"line":741,"column":4}}},"43":{"name":"_approve","line":757,"loc":{"start":{"line":757,"column":4},"end":{"line":763,"column":4}}},"44":{"name":"_beforeTokenTransfer","line":792,"loc":{"start":{"line":792,"column":2},"end":{"line":792,"column":98}}},"45":{"name":"current","line":805,"loc":{"start":{"line":805,"column":4},"end":{"line":807,"column":4}}},"46":{"name":"increment","line":809,"loc":{"start":{"line":809,"column":4},"end":{"line":812,"column":4}}},"47":{"name":"decrement","line":814,"loc":{"start":{"line":814,"column":4},"end":{"line":816,"column":4}}},"48":{"name":"constructor","line":872,"loc":{"start":{"line":872,"column":4},"end":{"line":886,"column":4}}},"49":{"name":"permit","line":892,"loc":{"start":{"line":892,"column":4},"end":{"line":913,"column":4}}},"50":{"name":"nonces","line":918,"loc":{"start":{"line":918,"column":4},"end":{"line":920,"column":4}}},"51":{"name":"constructor","line":941,"loc":{"start":{"line":941,"column":4},"end":{"line":944,"column":4}}},"52":{"name":"manager","line":946,"loc":{"start":{"line":946,"column":4},"end":{"line":948,"column":4}}},"53":{"name":"onlyManager","line":950,"loc":{"start":{"line":950,"column":4},"end":{"line":953,"column":4}}},"54":{"name":"renounceManagement","line":955,"loc":{"start":{"line":955,"column":4},"end":{"line":958,"column":4}}},"55":{"name":"pushManagement","line":960,"loc":{"start":{"line":960,"column":4},"end":{"line":964,"column":4}}},"56":{"name":"pullManagement","line":966,"loc":{"start":{"line":966,"column":4},"end":{"line":970,"column":4}}},"57":{"name":"onlyStakingContract","line":977,"loc":{"start":{"line":977,"column":4},"end":{"line":980,"column":4}}},"58":{"name":"constructor","line":1017,"loc":{"start":{"line":1017,"column":4},"end":{"line":1021,"column":4}}},"59":{"name":"initialize","line":1023,"loc":{"start":{"line":1023,"column":4},"end":{"line":1034,"column":4}}},"60":{"name":"setIndex","line":1036,"loc":{"start":{"line":1036,"column":4},"end":{"line":1040,"column":4}}},"61":{"name":"rebase","line":1047,"loc":{"start":{"line":1047,"column":4},"end":{"line":1072,"column":4}}},"62":{"name":"_storeRebase","line":1081,"loc":{"start":{"line":1081,"column":4},"end":{"line":1098,"column":4}}},"63":{"name":"balanceOf","line":1100,"loc":{"start":{"line":1100,"column":4},"end":{"line":1102,"column":4}}},"64":{"name":"gonsForBalance","line":1104,"loc":{"start":{"line":1104,"column":4},"end":{"line":1106,"column":4}}},"65":{"name":"balanceForGons","line":1108,"loc":{"start":{"line":1108,"column":4},"end":{"line":1110,"column":4}}},"66":{"name":"circulatingSupply","line":1113,"loc":{"start":{"line":1113,"column":4},"end":{"line":1115,"column":4}}},"67":{"name":"index","line":1117,"loc":{"start":{"line":1117,"column":4},"end":{"line":1119,"column":4}}},"68":{"name":"transfer","line":1121,"loc":{"start":{"line":1121,"column":4},"end":{"line":1127,"column":4}}},"69":{"name":"allowance","line":1129,"loc":{"start":{"line":1129,"column":4},"end":{"line":1131,"column":4}}},"70":{"name":"transferFrom","line":1133,"loc":{"start":{"line":1133,"column":4},"end":{"line":1143,"column":4}}},"71":{"name":"approve","line":1145,"loc":{"start":{"line":1145,"column":4},"end":{"line":1149,"column":4}}},"72":{"name":"_approve","line":1152,"loc":{"start":{"line":1152,"column":4},"end":{"line":1155,"column":4}}},"73":{"name":"increaseAllowance","line":1157,"loc":{"start":{"line":1157,"column":4},"end":{"line":1161,"column":4}}},"74":{"name":"decreaseAllowance","line":1163,"loc":{"start":{"line":1163,"column":4},"end":{"line":1172,"column":4}}}},"statementMap":{"1":{"start":{"line":30,"column":8},"end":{"line":30,"column":25}},"2":{"start":{"line":31,"column":8},"end":{"line":31,"column":53}},"3":{"start":{"line":33,"column":8},"end":{"line":33,"column":16}},"4":{"start":{"line":47,"column":8},"end":{"line":47,"column":58}},"5":{"start":{"line":61,"column":8},"end":{"line":61,"column":36}},"6":{"start":{"line":62,"column":8},"end":{"line":62,"column":25}},"7":{"start":{"line":64,"column":8},"end":{"line":64,"column":16}},"8":{"start":{"line":81,"column":8},"end":{"line":81,"column":2498}},"9":{"start":{"line":82,"column":12},"end":{"line":82,"column":20}},"10":{"start":{"line":85,"column":8},"end":{"line":85,"column":25}},"11":{"start":{"line":86,"column":8},"end":{"line":86,"column":63}},"12":{"start":{"line":88,"column":8},"end":{"line":88,"column":16}},"13":{"start":{"line":104,"column":8},"end":{"line":104,"column":54}},"14":{"start":{"line":120,"column":8},"end":{"line":120,"column":35}},"15":{"start":{"line":121,"column":8},"end":{"line":121,"column":25}},"16":{"start":{"line":124,"column":8},"end":{"line":124,"column":16}},"17":{"start":{"line":140,"column":8},"end":{"line":140,"column":52}},"18":{"start":{"line":156,"column":8},"end":{"line":156,"column":36}},"19":{"start":{"line":157,"column":8},"end":{"line":157,"column":20}},"20":{"start":{"line":162,"column":8},"end":{"line":162,"column":5403}},"21":{"start":{"line":163,"column":12},"end":{"line":163,"column":16}},"22":{"start":{"line":164,"column":12},"end":{"line":164,"column":41}},"23":{"start":{"line":165,"column":12},"end":{"line":165,"column":5494}},"24":{"start":{"line":166,"column":16},"end":{"line":166,"column":20}},"25":{"start":{"line":167,"column":16},"end":{"line":167,"column":49}},"26":{"start":{"line":169,"column":15},"end":{"line":169,"column":5610}},"27":{"start":{"line":170,"column":12},"end":{"line":170,"column":16}},"28":{"start":{"line":178,"column":8},"end":{"line":178,"column":54}},"29":{"start":{"line":185,"column":8},"end":{"line":185,"column":74}},"30":{"start":{"line":189,"column":8},"end":{"line":189,"column":46}},"31":{"start":{"line":199,"column":8},"end":{"line":199,"column":56}},"32":{"start":{"line":203,"column":8},"end":{"line":203,"column":52}},"33":{"start":{"line":207,"column":6},"end":{"line":207,"column":40}},"34":{"start":{"line":234,"column":8},"end":{"line":234,"column":20}},"35":{"start":{"line":237,"column":8},"end":{"line":237,"column":23}},"36":{"start":{"line":257,"column":8},"end":{"line":257,"column":80}},"37":{"start":{"line":260,"column":8},"end":{"line":260,"column":62}},"38":{"start":{"line":261,"column":8},"end":{"line":261,"column":85}},"39":{"start":{"line":283,"column":6},"end":{"line":283,"column":73}},"40":{"start":{"line":293,"column":8},"end":{"line":293,"column":68}},"41":{"start":{"line":308,"column":8},"end":{"line":308,"column":102}},"42":{"start":{"line":322,"column":8},"end":{"line":322,"column":88}},"43":{"start":{"line":323,"column":8},"end":{"line":323,"column":67}},"44":{"start":{"line":326,"column":8},"end":{"line":326,"column":83}},"45":{"start":{"line":327,"column":8},"end":{"line":327,"column":67}},"46":{"start":{"line":331,"column":8},"end":{"line":331,"column":67}},"47":{"start":{"line":334,"column":8},"end":{"line":334,"column":86}},"48":{"start":{"line":335,"column":8},"end":{"line":335,"column":12735}},"49":{"start":{"line":336,"column":12},"end":{"line":336,"column":29}},"50":{"start":{"line":339,"column":12},"end":{"line":339,"column":12880}},"51":{"start":{"line":348,"column":16},"end":{"line":348,"column":35}},"52":{"start":{"line":360,"column":8},"end":{"line":360,"column":88}},"53":{"start":{"line":370,"column":8},"end":{"line":370,"column":74}},"54":{"start":{"line":373,"column":8},"end":{"line":373,"column":73}},"55":{"start":{"line":374,"column":8},"end":{"line":374,"column":67}},"56":{"start":{"line":384,"column":8},"end":{"line":384,"column":92}},"57":{"start":{"line":394,"column":8},"end":{"line":394,"column":76}},"58":{"start":{"line":397,"column":8},"end":{"line":397,"column":75}},"59":{"start":{"line":398,"column":8},"end":{"line":398,"column":67}},"60":{"start":{"line":402,"column":8},"end":{"line":402,"column":15418}},"61":{"start":{"line":403,"column":12},"end":{"line":403,"column":29}},"62":{"start":{"line":406,"column":12},"end":{"line":406,"column":15563}},"63":{"start":{"line":415,"column":16},"end":{"line":415,"column":35}},"64":{"start":{"line":530,"column":4},"end":{"line":530,"column":16}},"65":{"start":{"line":531,"column":4},"end":{"line":531,"column":20}},"66":{"start":{"line":532,"column":4},"end":{"line":532,"column":24}},"67":{"start":{"line":540,"column":4},"end":{"line":540,"column":16}},"68":{"start":{"line":549,"column":4},"end":{"line":549,"column":18}},"69":{"start":{"line":567,"column":4},"end":{"line":567,"column":20}},"70":{"start":{"line":575,"column":4},"end":{"line":575,"column":23}},"71":{"start":{"line":583,"column":4},"end":{"line":583,"column":29}},"72":{"start":{"line":597,"column":4},"end":{"line":597,"column":43}},"73":{"start":{"line":598,"column":4},"end":{"line":598,"column":15}},"74":{"start":{"line":606,"column":8},"end":{"line":606,"column":42}},"75":{"start":{"line":618,"column":8},"end":{"line":618,"column":44}},"76":{"start":{"line":619,"column":8},"end":{"line":619,"column":19}},"77":{"start":{"line":637,"column":8},"end":{"line":637,"column":43}},"78":{"start":{"line":638,"column":8},"end":{"line":638,"column":124}},"79":{"start":{"line":639,"column":8},"end":{"line":639,"column":19}},"80":{"start":{"line":655,"column":8},"end":{"line":655,"column":86}},"81":{"start":{"line":656,"column":8},"end":{"line":656,"column":19}},"82":{"start":{"line":674,"column":8},"end":{"line":674,"column":132}},"83":{"start":{"line":675,"column":8},"end":{"line":675,"column":19}},"84":{"start":{"line":693,"column":4},"end":{"line":693,"column":73}},"85":{"start":{"line":694,"column":4},"end":{"line":694,"column":74}},"86":{"start":{"line":696,"column":4},"end":{"line":696,"column":50}},"87":{"start":{"line":698,"column":4},"end":{"line":698,"column":94}},"88":{"start":{"line":699,"column":4},"end":{"line":699,"column":58}},"89":{"start":{"line":700,"column":4},"end":{"line":700,"column":44}},"90":{"start":{"line":714,"column":8},"end":{"line":714,"column":73}},"91":{"start":{"line":715,"column":8},"end":{"line":715,"column":64}},"92":{"start":{"line":716,"column":8},"end":{"line":716,"column":48}},"93":{"start":{"line":717,"column":8},"end":{"line":717,"column":62}},"94":{"start":{"line":718,"column":8},"end":{"line":718,"column":58}},"95":{"start":{"line":734,"column":8},"end":{"line":734,"column":74}},"96":{"start":{"line":736,"column":8},"end":{"line":736,"column":56}},"97":{"start":{"line":738,"column":8},"end":{"line":738,"column":96}},"98":{"start":{"line":739,"column":8},"end":{"line":739,"column":46}},"99":{"start":{"line":740,"column":8},"end":{"line":740,"column":50}},"100":{"start":{"line":758,"column":8},"end":{"line":758,"column":75}},"101":{"start":{"line":759,"column":8},"end":{"line":759,"column":75}},"102":{"start":{"line":761,"column":8},"end":{"line":761,"column":43}},"103":{"start":{"line":762,"column":8},"end":{"line":762,"column":45}},"104":{"start":{"line":806,"column":8},"end":{"line":806,"column":29}},"105":{"start":{"line":811,"column":8},"end":{"line":811,"column":26}},"106":{"start":{"line":815,"column":8},"end":{"line":815,"column":45}},"107":{"start":{"line":874,"column":8},"end":{"line":874,"column":23}},"108":{"start":{"line":879,"column":8},"end":{"line":879,"column":31266}},"109":{"start":{"line":901,"column":8},"end":{"line":901,"column":71}},"110":{"start":{"line":903,"column":8},"end":{"line":903,"column":32019}},"111":{"start":{"line":906,"column":8},"end":{"line":906,"column":97}},"112":{"start":{"line":908,"column":8},"end":{"line":908,"column":50}},"113":{"start":{"line":909,"column":8},"end":{"line":909,"column":92}},"114":{"start":{"line":911,"column":8},"end":{"line":911,"column":33}},"115":{"start":{"line":912,"column":8},"end":{"line":912,"column":39}},"116":{"start":{"line":919,"column":8},"end":{"line":919,"column":39}},"117":{"start":{"line":942,"column":8},"end":{"line":942,"column":26}},"118":{"start":{"line":943,"column":8},"end":{"line":943,"column":50}},"119":{"start":{"line":947,"column":8},"end":{"line":947,"column":21}},"120":{"start":{"line":951,"column":8},"end":{"line":951,"column":74}},"121":{"start":{"line":956,"column":8},"end":{"line":956,"column":50}},"122":{"start":{"line":957,"column":8},"end":{"line":957,"column":26}},"123":{"start":{"line":961,"column":8},"end":{"line":961,"column":82}},"124":{"start":{"line":962,"column":8},"end":{"line":962,"column":49}},"125":{"start":{"line":963,"column":8},"end":{"line":963,"column":28}},"126":{"start":{"line":967,"column":8},"end":{"line":967,"column":78}},"127":{"start":{"line":968,"column":8},"end":{"line":968,"column":49}},"128":{"start":{"line":969,"column":8},"end":{"line":969,"column":25}},"129":{"start":{"line":978,"column":8},"end":{"line":978,"column":47}},"130":{"start":{"line":1018,"column":8},"end":{"line":1018,"column":31}},"131":{"start":{"line":1019,"column":8},"end":{"line":1019,"column":46}},"132":{"start":{"line":1020,"column":8},"end":{"line":1020,"column":54}},"133":{"start":{"line":1024,"column":8},"end":{"line":1024,"column":43}},"134":{"start":{"line":1025,"column":8},"end":{"line":1025,"column":48}},"135":{"start":{"line":1026,"column":8},"end":{"line":1026,"column":41}},"136":{"start":{"line":1027,"column":8},"end":{"line":1027,"column":51}},"137":{"start":{"line":1029,"column":8},"end":{"line":1029,"column":68}},"138":{"start":{"line":1030,"column":8},"end":{"line":1030,"column":58}},"139":{"start":{"line":1032,"column":8},"end":{"line":1032,"column":31}},"140":{"start":{"line":1033,"column":8},"end":{"line":1033,"column":19}},"141":{"start":{"line":1037,"column":8},"end":{"line":1037,"column":28}},"142":{"start":{"line":1038,"column":8},"end":{"line":1038,"column":39}},"143":{"start":{"line":1039,"column":8},"end":{"line":1039,"column":19}},"144":{"start":{"line":1048,"column":8},"end":{"line":1048,"column":28}},"145":{"start":{"line":1049,"column":8},"end":{"line":1049,"column":56}},"146":{"start":{"line":1051,"column":8},"end":{"line":1051,"column":36736}},"147":{"start":{"line":1052,"column":12},"end":{"line":1052,"column":67}},"148":{"start":{"line":1053,"column":12},"end":{"line":1053,"column":48}},"149":{"start":{"line":1054,"column":12},"end":{"line":1054,"column":31}},"150":{"start":{"line":1055,"column":15},"end":{"line":1055,"column":36925}},"151":{"start":{"line":1056,"column":12},"end":{"line":1056,"column":79}},"152":{"start":{"line":1058,"column":12},"end":{"line":1058,"column":33}},"153":{"start":{"line":1061,"column":8},"end":{"line":1061,"column":54}},"154":{"start":{"line":1063,"column":8},"end":{"line":1063,"column":37168}},"155":{"start":{"line":1064,"column":12},"end":{"line":1064,"column":36}},"156":{"start":{"line":1067,"column":8},"end":{"line":1067,"column":56}},"157":{"start":{"line":1069,"column":8},"end":{"line":1069,"column":58}},"158":{"start":{"line":1071,"column":8},"end":{"line":1071,"column":27}},"159":{"start":{"line":1082,"column":8},"end":{"line":1082,"column":76}},"160":{"start":{"line":1084,"column":8},"end":{"line":1084,"column":37794}},"161":{"start":{"line":1094,"column":8},"end":{"line":1094,"column":63}},"162":{"start":{"line":1095,"column":8},"end":{"line":1095,"column":56}},"163":{"start":{"line":1097,"column":8},"end":{"line":1097,"column":19}},"164":{"start":{"line":1101,"column":8},"end":{"line":1101,"column":58}},"165":{"start":{"line":1105,"column":8},"end":{"line":1105,"column":45}},"166":{"start":{"line":1109,"column":8},"end":{"line":1109,"column":43}},"167":{"start":{"line":1114,"column":8},"end":{"line":1114,"column":63}},"168":{"start":{"line":1118,"column":8},"end":{"line":1118,"column":38}},"169":{"start":{"line":1122,"column":8},"end":{"line":1122,"column":56}},"170":{"start":{"line":1123,"column":8},"end":{"line":1123,"column":78}},"171":{"start":{"line":1124,"column":8},"end":{"line":1124,"column":62}},"172":{"start":{"line":1125,"column":8},"end":{"line":1125,"column":46}},"173":{"start":{"line":1126,"column":8},"end":{"line":1126,"column":19}},"174":{"start":{"line":1130,"column":8},"end":{"line":1130,"column":49}},"175":{"start":{"line":1134,"column":7},"end":{"line":1134,"column":92}},"176":{"start":{"line":1135,"column":7},"end":{"line":1135,"column":78}},"177":{"start":{"line":1137,"column":8},"end":{"line":1137,"column":50}},"178":{"start":{"line":1138,"column":8},"end":{"line":1138,"column":64}},"179":{"start":{"line":1139,"column":8},"end":{"line":1139,"column":60}},"180":{"start":{"line":1140,"column":8},"end":{"line":1140,"column":40}},"181":{"start":{"line":1142,"column":8},"end":{"line":1142,"column":19}},"182":{"start":{"line":1146,"column":9},"end":{"line":1146,"column":54}},"183":{"start":{"line":1147,"column":9},"end":{"line":1147,"column":52}},"184":{"start":{"line":1148,"column":9},"end":{"line":1148,"column":20}},"185":{"start":{"line":1153,"column":8},"end":{"line":1153,"column":44}},"186":{"start":{"line":1154,"column":8},"end":{"line":1154,"column":46}},"187":{"start":{"line":1158,"column":8},"end":{"line":1158,"column":104}},"188":{"start":{"line":1159,"column":8},"end":{"line":1159,"column":84}},"189":{"start":{"line":1160,"column":8},"end":{"line":1160,"column":19}},"190":{"start":{"line":1164,"column":8},"end":{"line":1164,"column":65}},"191":{"start":{"line":1165,"column":8},"end":{"line":1165,"column":40986}},"192":{"start":{"line":1166,"column":12},"end":{"line":1166,"column":53}},"193":{"start":{"line":1168,"column":12},"end":{"line":1168,"column":83}},"194":{"start":{"line":1170,"column":8},"end":{"line":1170,"column":84}},"195":{"start":{"line":1171,"column":8},"end":{"line":1171,"column":19}}},"branchMap":{"1":{"line":31,"type":"if","locations":[{"start":{"line":31,"column":8},"end":{"line":31,"column":8}},{"start":{"line":31,"column":8},"end":{"line":31,"column":8}}]},"2":{"line":61,"type":"if","locations":[{"start":{"line":61,"column":8},"end":{"line":61,"column":8}},{"start":{"line":61,"column":8},"end":{"line":61,"column":8}}]},"3":{"line":81,"type":"if","locations":[{"start":{"line":81,"column":8},"end":{"line":81,"column":8}},{"start":{"line":81,"column":8},"end":{"line":81,"column":8}}]},"4":{"line":86,"type":"if","locations":[{"start":{"line":86,"column":8},"end":{"line":86,"column":8}},{"start":{"line":86,"column":8},"end":{"line":86,"column":8}}]},"5":{"line":120,"type":"if","locations":[{"start":{"line":120,"column":8},"end":{"line":120,"column":8}},{"start":{"line":120,"column":8},"end":{"line":120,"column":8}}]},"6":{"line":156,"type":"if","locations":[{"start":{"line":156,"column":8},"end":{"line":156,"column":8}},{"start":{"line":156,"column":8},"end":{"line":156,"column":8}}]},"7":{"line":162,"type":"if","locations":[{"start":{"line":162,"column":8},"end":{"line":162,"column":8}},{"start":{"line":162,"column":8},"end":{"line":162,"column":8}}]},"8":{"line":169,"type":"if","locations":[{"start":{"line":169,"column":15},"end":{"line":169,"column":15}},{"start":{"line":169,"column":15},"end":{"line":169,"column":15}}]},"9":{"line":257,"type":"if","locations":[{"start":{"line":257,"column":8},"end":{"line":257,"column":8}},{"start":{"line":257,"column":8},"end":{"line":257,"column":8}}]},"10":{"line":261,"type":"if","locations":[{"start":{"line":261,"column":8},"end":{"line":261,"column":8}},{"start":{"line":261,"column":8},"end":{"line":261,"column":8}}]},"11":{"line":322,"type":"if","locations":[{"start":{"line":322,"column":8},"end":{"line":322,"column":8}},{"start":{"line":322,"column":8},"end":{"line":322,"column":8}}]},"12":{"line":323,"type":"if","locations":[{"start":{"line":323,"column":8},"end":{"line":323,"column":8}},{"start":{"line":323,"column":8},"end":{"line":323,"column":8}}]},"13":{"line":331,"type":"if","locations":[{"start":{"line":331,"column":8},"end":{"line":331,"column":8}},{"start":{"line":331,"column":8},"end":{"line":331,"column":8}}]},"14":{"line":335,"type":"if","locations":[{"start":{"line":335,"column":8},"end":{"line":335,"column":8}},{"start":{"line":335,"column":8},"end":{"line":335,"column":8}}]},"15":{"line":339,"type":"if","locations":[{"start":{"line":339,"column":12},"end":{"line":339,"column":12}},{"start":{"line":339,"column":12},"end":{"line":339,"column":12}}]},"16":{"line":370,"type":"if","locations":[{"start":{"line":370,"column":8},"end":{"line":370,"column":8}},{"start":{"line":370,"column":8},"end":{"line":370,"column":8}}]},"17":{"line":394,"type":"if","locations":[{"start":{"line":394,"column":8},"end":{"line":394,"column":8}},{"start":{"line":394,"column":8},"end":{"line":394,"column":8}}]},"18":{"line":402,"type":"if","locations":[{"start":{"line":402,"column":8},"end":{"line":402,"column":8}},{"start":{"line":402,"column":8},"end":{"line":402,"column":8}}]},"19":{"line":406,"type":"if","locations":[{"start":{"line":406,"column":12},"end":{"line":406,"column":12}},{"start":{"line":406,"column":12},"end":{"line":406,"column":12}}]},"20":{"line":693,"type":"if","locations":[{"start":{"line":693,"column":4},"end":{"line":693,"column":4}},{"start":{"line":693,"column":4},"end":{"line":693,"column":4}}]},"21":{"line":694,"type":"if","locations":[{"start":{"line":694,"column":4},"end":{"line":694,"column":4}},{"start":{"line":694,"column":4},"end":{"line":694,"column":4}}]},"22":{"line":714,"type":"if","locations":[{"start":{"line":714,"column":8},"end":{"line":714,"column":8}},{"start":{"line":714,"column":8},"end":{"line":714,"column":8}}]},"23":{"line":734,"type":"if","locations":[{"start":{"line":734,"column":8},"end":{"line":734,"column":8}},{"start":{"line":734,"column":8},"end":{"line":734,"column":8}}]},"24":{"line":758,"type":"if","locations":[{"start":{"line":758,"column":8},"end":{"line":758,"column":8}},{"start":{"line":758,"column":8},"end":{"line":758,"column":8}}]},"25":{"line":759,"type":"if","locations":[{"start":{"line":759,"column":8},"end":{"line":759,"column":8}},{"start":{"line":759,"column":8},"end":{"line":759,"column":8}}]},"26":{"line":901,"type":"if","locations":[{"start":{"line":901,"column":8},"end":{"line":901,"column":8}},{"start":{"line":901,"column":8},"end":{"line":901,"column":8}}]},"27":{"line":909,"type":"if","locations":[{"start":{"line":909,"column":8},"end":{"line":909,"column":8}},{"start":{"line":909,"column":8},"end":{"line":909,"column":8}}]},"28":{"line":951,"type":"if","locations":[{"start":{"line":951,"column":8},"end":{"line":951,"column":8}},{"start":{"line":951,"column":8},"end":{"line":951,"column":8}}]},"29":{"line":961,"type":"if","locations":[{"start":{"line":961,"column":8},"end":{"line":961,"column":8}},{"start":{"line":961,"column":8},"end":{"line":961,"column":8}}]},"30":{"line":967,"type":"if","locations":[{"start":{"line":967,"column":8},"end":{"line":967,"column":8}},{"start":{"line":967,"column":8},"end":{"line":967,"column":8}}]},"31":{"line":978,"type":"if","locations":[{"start":{"line":978,"column":8},"end":{"line":978,"column":8}},{"start":{"line":978,"column":8},"end":{"line":978,"column":8}}]},"32":{"line":1024,"type":"if","locations":[{"start":{"line":1024,"column":8},"end":{"line":1024,"column":8}},{"start":{"line":1024,"column":8},"end":{"line":1024,"column":8}}]},"33":{"line":1025,"type":"if","locations":[{"start":{"line":1025,"column":8},"end":{"line":1025,"column":8}},{"start":{"line":1025,"column":8},"end":{"line":1025,"column":8}}]},"34":{"line":1037,"type":"if","locations":[{"start":{"line":1037,"column":8},"end":{"line":1037,"column":8}},{"start":{"line":1037,"column":8},"end":{"line":1037,"column":8}}]},"35":{"line":1051,"type":"if","locations":[{"start":{"line":1051,"column":8},"end":{"line":1051,"column":8}},{"start":{"line":1051,"column":8},"end":{"line":1051,"column":8}}]},"36":{"line":1055,"type":"if","locations":[{"start":{"line":1055,"column":15},"end":{"line":1055,"column":15}},{"start":{"line":1055,"column":15},"end":{"line":1055,"column":15}}]},"37":{"line":1063,"type":"if","locations":[{"start":{"line":1063,"column":8},"end":{"line":1063,"column":8}},{"start":{"line":1063,"column":8},"end":{"line":1063,"column":8}}]},"38":{"line":1165,"type":"if","locations":[{"start":{"line":1165,"column":8},"end":{"line":1165,"column":8}},{"start":{"line":1165,"column":8},"end":{"line":1165,"column":8}}]}}},"src/contracts/StakingFox.sol":{"l":{"15":0},"path":"/Users/pelsasser/shapeshift/sfox/src/contracts/StakingFox.sol","s":{"1":0},"b":{},"f":{"1":0,"2":0,"3":0,"4":0,"5":0,"6":0},"fnMap":{"1":{"name":"constructor","line":14,"loc":{"start":{"line":12,"column":2},"end":{"line":16,"column":2}}},"2":{"name":"deposit","line":18,"loc":{"start":{"line":18,"column":2},"end":{"line":20,"column":2}}},"3":{"name":"requestWithdraw","line":23,"loc":{"start":{"line":23,"column":2},"end":{"line":25,"column":2}}},"4":{"name":"withdraw","line":27,"loc":{"start":{"line":27,"column":2},"end":{"line":29,"column":2}}},"5":{"name":"withdrawWithPenalty","line":32,"loc":{"start":{"line":32,"column":2},"end":{"line":34,"column":2}}},"6":{"name":"rewardStakers","line":36,"loc":{"start":{"line":36,"column":2},"end":{"line":38,"column":2}}}},"statementMap":{"1":{"start":{"line":15,"column":4},"end":{"line":15,"column":29}}},"branchMap":{}}}